<?xml version="1.0" encoding="UTF-8"?>
<testsuite name="org.derp.jaxl.JaxlTest" tests="1" skipped="0" failures="0" errors="0" timestamp="2016-10-22T10:02:31" hostname="kuxi-macbookpro.roam.corp.google.com" time="0.001">
  <properties/>
  <testcase name="testSomeLibraryMethod" classname="org.derp.jaxl.JaxlTest" time="0.001"/>
  <system-out><![CDATA[]]></system-out>
  <system-err><![CDATA[]]></system-err>
</testsuite>
